{
  "RSpec": {
    "coverage": {
      "/home/ubuntu/environment/oystercard/spec/oystercard_spec.rb": [
        null,
        null,
        1,
        null,
        1,
        4,
        3,
        1,
        1,
        2,
        null,
        null,
        1,
        1,
        4,
        null,
        1,
        1,
        1,
        2,
        null,
        null,
        null,
        1,
        1,
        1,
        null,
        null,
        null,
        1,
        1,
        1,
        1,
        1,
        null,
        1,
        2,
        null,
        null,
        null,
        1,
        1,
        4,
        null,
        null,
        null,
        1,
        2,
        1,
        2,
        1,
        1,
        1,
        null,
        null,
        null
      ],
      "/home/ubuntu/environment/oystercard/lib/oystercard.rb": [
        null,
        null,
        1,
        1,
        1,
        1,
        null,
        1,
        null,
        1,
        8,
        8,
        8,
        null,
        null,
        null,
        1,
        4,
        null,
        3,
        null,
        null,
        1,
        2,
        null,
        null,
        1,
        3,
        null,
        2,
        2,
        null,
        null,
        1,
        2,
        2,
        null,
        2,
        null,
        null,
        1,
        null,
        1,
        4,
        null,
        null,
        1,
        2,
        null,
        null
      ]
    },
    "timestamp": 1564588655
  }
}
