{
  "RSpec": {
    "coverage": {
      "/home/ubuntu/environment/oystercard/spec/oystercard_spec.rb": [
        null,
        null,
        1,
        null,
        1,
        8,
        6,
        1,
        1,
        2,
        null,
        null,
        1,
        1,
        4,
        null,
        1,
        1,
        1,
        2,
        null,
        null,
        null,
        1,
        1,
        1,
        null,
        null,
        null,
        1,
        1,
        2,
        1,
        1,
        null,
        1,
        2,
        4,
        null,
        null,
        1,
        3,
        1,
        1,
        4,
        null,
        null,
        1,
        1,
        1,
        1,
        null,
        1,
        2,
        null,
        null,
        null,
        1,
        1,
        4,
        null,
        null,
        1,
        4,
        null,
        1,
        2,
        1,
        4,
        null,
        null,
        null,
        1,
        2,
        1,
        2,
        1,
        1,
        1,
        null,
        null,
        null,
        null
      ],
      "/home/ubuntu/environment/oystercard/lib/oystercard.rb": [
        null,
        null,
        1,
        1,
        1,
        1,
        null,
        1,
        null,
        1,
        13,
        13,
        13,
        13,
        null,
        null,
        1,
        4,
        null,
        3,
        null,
        null,
        1,
        2,
        null,
        null,
        1,
        8,
        7,
        7,
        7,
        null,
        null,
        1,
        5,
        5,
        5,
        5,
        null,
        null,
        1,
        null,
        1,
        4,
        null,
        null,
        1,
        5,
        null,
        null
      ]
    },
    "timestamp": 1564585721
  }
}
